<?xml version="1.0" encoding="UTF-8"?>
<!-- Generated by org.testng.reporters.JUnitXMLReporter -->
<testsuite ignored="2" hostname="DESKTOP-H9255BB" failures="0" tests="2" name="Test" time="0.126" errors="0" timestamp="2022-01-25T17:37:32 IST">
  <testcase classname="Git_Practice1.Demo1_GitTest" name="sample1Test" time="0.02"/>
  <testcase classname="Git_Practice.Demo_GitTest" name="sample1_gitTest" time="0.003"/>
  <testcase classname="Git_Practice.Demo_GitTest" name="sample2_gitTest" time="0.0">
    <ignored/>
  </testcase> <!-- sample2_gitTest -->
  <testcase classname="Git_Practice1.Demo1_GitTest" name="sample2Test" time="0.0">
    <ignored/>
  </testcase> <!-- sample2Test -->
</testsuite> <!-- Test -->
