<?xml version="1.0" encoding="UTF-8"?>
<testng-results ignored="0" total="1" passed="1" failed="0" skipped="0">
  <reporter-output>
  </reporter-output>
  <suite started-at="2022-01-24T17:07:26 IST" name="Default suite" finished-at="2022-01-24T17:07:27 IST" duration-ms="262">
    <groups>
    </groups>
    <test started-at="2022-01-24T17:07:26 IST" name="Default test" finished-at="2022-01-24T17:07:27 IST" duration-ms="262">
      <class name="Git_Practice.Demo_Git">
        <test-method signature="sample1_git()[pri:0, instance:Git_Practice.Demo_Git@6a6afff2]" started-at="2022-01-24T17:07:27 IST" name="sample1_git" finished-at="2022-01-24T17:07:27 IST" duration-ms="59" status="PASS">
          <reporter-output>
          </reporter-output>
        </test-method> <!-- sample1_git -->
      </class> <!-- Git_Practice.Demo_Git -->
    </test> <!-- Default test -->
  </suite> <!-- Default suite -->
</testng-results>
